[2025-10-10 22:03:17] OK. Cambios: 132
- M+ LALIGA (OPCIÓN 1): d4ff041287a43e3114d411d671c4b4e92e21f31e -> 31c19ffb3472c289c5bbbbc174449c8ed0d19e38
- M+ LALIGA (OPCIÓN 2): 107c3ce5a5d2527c9f06e4eab87477201791f231 -> 31c19ffb3472c289c5bbbbc174449c8ed0d19e38
- M+ LALIGA (OPCIÓN 3): d2ddf9802ccfdc456f872eea4d24596880a638a0 -> 31c19ffb3472c289c5bbbbc174449c8ed0d19e38
- M+ LALIGA (OPCIÓN 4): 00c9bc9c5d7d87680a5a6bed349edfa775a89947 -> 31c19ffb3472c289c5bbbbc174449c8ed0d19e38
- M+ LALIGA (OPCIÓN 5): c9321006921967d6258df6945f1d598a5c0cbf1e -> 31c19ffb3472c289c5bbbbc174449c8ed0d19e38
- M+ LALIGA (OPCIÓN 6): 4b528d10eaad747ddf52251206177573ee3e9f74 -> 31c19ffb3472c289c5bbbbc174449c8ed0d19e38
- M+ LALIGA (OPCIÓN 7): 14b6cd8769cd485f2cffdca64be9698d9bfeac58 -> 31c19ffb3472c289c5bbbbc174449c8ed0d19e38
- M+ LALIGA (OPCIÓN 9): cc9b7f5fe416069a2110da0909b0f915043c468b -> 31c19ffb3472c289c5bbbbc174449c8ed0d19e38
- M+ LALIGA 2 (OPCIÓN 1): 911ad127726234b97658498a8b790fdd7516541d -> 31c19ffb3472c289c5bbbbc174449c8ed0d19e38
- M+ LALIGA 2 (OPCIÓN 2): 51b363b1c4d42724e05240ad068ad219df8042ec -> 31c19ffb3472c289c5bbbbc174449c8ed0d19e38
- M+ LALIGA 2 (OPCIÓN 3): ad42faa399df66dcd62a1cbc9d1c99ed4512d3b8 -> 31c19ffb3472c289c5bbbbc174449c8ed0d19e38
- M+ LALIGA 3 (OPCIÓN 1): 7ad14386deef2f45ffe17d30a631dbf79b6a1a87 -> 31c19ffb3472c289c5bbbbc174449c8ed0d19e38
- M+ LALIGA 3 (OPCIÓN 2): 382b14499e3d76e557d449d2e5bbc4e4bd63bd39 -> 31c19ffb3472c289c5bbbbc174449c8ed0d19e38
- M+ LALIGA 4: 22178d72e0f255dedd7e56f9474fea879289a6f1 -> 31c19ffb3472c289c5bbbbc174449c8ed0d19e38
- M+ LALIGA 2 (OPCIÓN 1): 31c19ffb3472c289c5bbbbc174449c8ed0d19e38 -> b8eb9c9868d487402569bba2d97a8af113d033fe
- M+ LALIGA 2 (OPCIÓN 2): 31c19ffb3472c289c5bbbbc174449c8ed0d19e38 -> b8eb9c9868d487402569bba2d97a8af113d033fe
- M+ LALIGA 2 (OPCIÓN 3): 31c19ffb3472c289c5bbbbc174449c8ed0d19e38 -> b8eb9c9868d487402569bba2d97a8af113d033fe
- M+ LALIGA 3 (OPCIÓN 1): 31c19ffb3472c289c5bbbbc174449c8ed0d19e38 -> 571ce113b9d600a145766443d7417eccab2e1846
- M+ LALIGA 3 (OPCIÓN 2): 31c19ffb3472c289c5bbbbc174449c8ed0d19e38 -> 571ce113b9d600a145766443d7417eccab2e1846
- M+ LALIGA 4: 31c19ffb3472c289c5bbbbc174449c8ed0d19e38 -> 22178d72e0f255dedd7e56f9474fea879289a6f1
- Movistar Plus+ (OPCIÓN 1): 8c67cdb5ba81976662c3a67984a9545d9cfb0f70 -> 1ab443f5b4beb6d586f19e8b25b9f9646cf2ab78
- Movistar Plus+ (OPCIÓN 2): b6ffbbc72a5b6b579faf79ebac229af7a25b933b -> 1ab443f5b4beb6d586f19e8b25b9f9646cf2ab78
- Movistar Plus+ (OPCIÓN 3): 199190e3f28c1de0be34bccf0d3568dc65209b99 -> 1ab443f5b4beb6d586f19e8b25b9f9646cf2ab78
- Movistar Plus+ (OPCIÓN 4): 5866e83279307bf919068ae7a0d250e4e424e464 -> 1ab443f5b4beb6d586f19e8b25b9f9646cf2ab78
- DAZN F1 (OPCIÓN 1): 1a63d886860e2b770590dcd64a4dd472eabb841d -> d65257bb934b73647374224fd62d836815804be2
- DAZN F1 (OPCIÓN 2): c8ad94585fbe13cfc9074c2b5e23fb6344e0f66d -> d65257bb934b73647374224fd62d836815804be2
- DAZN F1 (OPCIÓN 3): 6422e8bc34282871634c81947be093c04ad1bb29 -> d65257bb934b73647374224fd62d836815804be2
- DAZN F1 (OPCIÓN 4): c9c18ae7a9dafba1caae5beb22060f9c92bba553 -> d65257bb934b73647374224fd62d836815804be2
- DAZN F1 (OPCIÓN 5): 515efd8115482bda8d92aa6df9a882a5e5797494 -> d65257bb934b73647374224fd62d836815804be2
- DAZN F1 (OPCIÓN 6): 82b4f249788f93b8f9ce968803662d7cd4f1b8cc -> d65257bb934b73647374224fd62d836815804be2
- DAZN F1 (OPCIÓN 7): d5cf2dfa4fb4165ce58bf9db815088c28fec7711 -> d65257bb934b73647374224fd62d836815804be2
- DAZN F1 (OPCIÓN 8): 4bc6f4cb6697c1defc981c0afe1a4c3a62284aee -> d65257bb934b73647374224fd62d836815804be2
- DAZN F1 (OPCIÓN 9): b5f3cc5cd66c98bae9d65df43ecee6c02d18aebd -> d65257bb934b73647374224fd62d836815804be2
- DAZN F1 (OPCIÓN 10): 38e9ae1ee0c96d7c6187c9c4cc60ffccb565bdf7 -> d65257bb934b73647374224fd62d836815804be2
- DAZN F1 (OPCIÓN 11): 3f5b7e2f883fe4b4b973e198d147a513d5c7c32a -> d65257bb934b73647374224fd62d836815804be2
- DAZN F1 (OPCIÓN 12): b08e158ea3f5c72084f5ff8e3c30ca2e4d1ff6d1 -> d65257bb934b73647374224fd62d836815804be2
- DAZN F1 (OPCIÓN 13): bcf9dc38f92e90a71b87bd54b3bac91b76d09a69 -> d65257bb934b73647374224fd62d836815804be2
- DAZN F1 (OPCIÓN 14): fd53cfa7055fe458d4f5c0ff59a06cd43723be55 -> d65257bb934b73647374224fd62d836815804be2
- DAZN F1 (OPCIÓN 15): ed6188dcbb491efeb2092c1a6199226c27f61727 -> d65257bb934b73647374224fd62d836815804be2
- DAZN F1 (OPCIÓN 16): 8272d1ed95cdd8945c248ce488fa26bd435fb71f -> d65257bb934b73647374224fd62d836815804be2
- DAZN F1 (OPCIÓN 18): b04372b9543d763bd2dbd2a1842d9723fd080076 -> d65257bb934b73647374224fd62d836815804be2
- Eurosport 1 (OPCIÓN 1): bae98f69fbf867550b4f73b4eb176dae84d7f909 -> 547ab7146a86d6119c9332c011669544720124e3
- Eurosport 1 (OPCIÓN 2): 714e14e6d6e27660fd25a75b57b0ac5580fe705d -> 547ab7146a86d6119c9332c011669544720124e3
- Eurosport 1 (OPCIÓN 3): ef2abf419586d9876370be127ad592dbb41b126a -> 547ab7146a86d6119c9332c011669544720124e3
- Eurosport 1 (OPCIÓN 3): c3da6c4f91d9d10ade00318a869435e19f204d0e -> 547ab7146a86d6119c9332c011669544720124e3
- Eurosport 2 (OPCIÓN 1): dc4ccb9e72550bc72be9360aa7d77e337ad11ecc -> 5c910d614894635153a7d42de98cc2e4a958a53f
- Eurosport 2 (OPCIÓN 2): 2773b39926d15dd3d9495d94c4050604792d7031 -> 5c910d614894635153a7d42de98cc2e4a958a53f
- Eurosport 2 (OPCIÓN 3): 37d6f1aabcde81ee6e4873b4db6b7bb8964af8bf -> 5c910d614894635153a7d42de98cc2e4a958a53f
- Eurosport 2 (OPCIÓN 4): 0585e09bb8ac9720e4c11934f1b184e309291551 -> 5c910d614894635153a7d42de98cc2e4a958a53f
- NBA TV: b0f64a40f333ef5cc02c2b6d4a8c3f4b73dd8073 -> e72d03fb9694164317260f684470be9ab781ed95
- GOL: b2d560741c006fc5e4a42412bb52dbd25a6a4a3a -> 73094658f0a3ed523c0e188de67a7a690c0d4f93
- beIN SPORTS 1: f0951d40eb84162014752c054ea7a1370d2169eb -> bba1905fcd1c4975aec544047bf8e4cd23ce3fe0
- DAZN LALIGA (OPCIÓN 1): 0e50439e68aa2435b38f0563bb2f2e98f32ff4b1 -> dda5d2cace9bc4cb0918e62bc50d657d4a10496a
- DAZN LALIGA (OPCIÓN 2): 1bb5bf76fb2018d6db9aaa29b1467ecdfabe2884 -> dda5d2cace9bc4cb0918e62bc50d657d4a10496a
- DAZN LALIGA (OPCIÓN 3): e2b8a4aba2f4ea3dd68992fcdb65c9e62d910b05 -> dda5d2cace9bc4cb0918e62bc50d657d4a10496a
- DAZN LALIGA (OPCIÓN 4): 74defb8f4ed3a917fd07c21b34f43c17107ec618 -> dda5d2cace9bc4cb0918e62bc50d657d4a10496a
- DAZN LALIGA (OPCIÓN 5): 4e6d9cf7d177366045d33cd8311d8b1d7f4bed1f -> dda5d2cace9bc4cb0918e62bc50d657d4a10496a
- DAZN LALIGA 2 (OPCIÓN 1): 5091ea94b75ba4b50b078b4102a3d0e158ef59c3 -> dda5d2cace9bc4cb0918e62bc50d657d4a10496a
- DAZN LALIGA 2 (OPCIÓN 2): a231b2fa1f7754433efeb8bb8d69d7b9096dcba8 -> dda5d2cace9bc4cb0918e62bc50d657d4a10496a
- DAZN LALIGA 2 (OPCIÓN 3): c976c7b37964322752db562b4ad65515509c8d36 -> dda5d2cace9bc4cb0918e62bc50d657d4a10496a
- DAZN LALIGA 3: 8c71f0e0a5476e10950fc827f9d2a507340aba74 -> dda5d2cace9bc4cb0918e62bc50d657d4a10496a
- DAZN LALIGA 2 (OPCIÓN 1): dda5d2cace9bc4cb0918e62bc50d657d4a10496a -> c976c7b37964322752db562b4ad65515509c8d36
- DAZN LALIGA 2 (OPCIÓN 2): dda5d2cace9bc4cb0918e62bc50d657d4a10496a -> c976c7b37964322752db562b4ad65515509c8d36
- DAZN LALIGA 2 (OPCIÓN 3): dda5d2cace9bc4cb0918e62bc50d657d4a10496a -> c976c7b37964322752db562b4ad65515509c8d36
- DAZN 1 (OPCIÓN 1): 6538b79ce0da657d8455d1da6a5f342398899a0e -> d5b2c6b940cf3df5e8f9dc6f000f0ea23a10b151
- DAZN 1 (OPCIÓN 2): 6538b79ce0da657d8455d1da6a5f342398899a0e -> d5b2c6b940cf3df5e8f9dc6f000f0ea23a10b151
- DAZN 1 (OPCIÓN 3): 50a8a13c474848d1efbd5586efdb5b6cdd173fa9 -> d5b2c6b940cf3df5e8f9dc6f000f0ea23a10b151
- DAZN 1 (OPCIÓN 4): 4141892f5df7d6474bf0279895ce02b7336c9928 -> d5b2c6b940cf3df5e8f9dc6f000f0ea23a10b151
- DAZN 1 (OPCIÓN 5): b03f9310155cf3b4eafc1dfba763781abc3ff025 -> d5b2c6b940cf3df5e8f9dc6f000f0ea23a10b151
- DAZN 1 (OPCIÓN 6): 36394be1db2e20b5997d987c32fd38c7f0f194b7 -> d5b2c6b940cf3df5e8f9dc6f000f0ea23a10b151
- DAZN 1 (OPCIÓN 7): eb6ffec065b26259ad3d1811e0bbb0a5332ed276 -> d5b2c6b940cf3df5e8f9dc6f000f0ea23a10b151
- DAZN 1 (OPCIÓN 8): 7ba1f321f4d0791b7ebd42f41a07c1cd1479e784 -> d5b2c6b940cf3df5e8f9dc6f000f0ea23a10b151
- DAZN 2 (OPCIÓN 1): 8b081c8afbd9beafc8c5fbf0115eb36eadb07a35 -> b0eabe0fdd02fdd165896236765a9b753a2ff516
- DAZN 2 (OPCIÓN 2): fb2dd566824658eeab27aae19a01c09430f1a97d -> b0eabe0fdd02fdd165896236765a9b753a2ff516
- DAZN 2 (OPCIÓN 3): 43004e955731cd3afcc34d24e5178d4b427bff37 -> b0eabe0fdd02fdd165896236765a9b753a2ff516
- DAZN 2 (OPCIÓN 4): ae68a0835039fab28fd2314108fabd4fab33b8ab -> b0eabe0fdd02fdd165896236765a9b753a2ff516
- DAZN 3 (OPCIÓN 1): d641cd0fca0f467b3130754a091e2f4d22e68eb1 -> d1d9ec2361a6ac8edc0b2841866383768cc28df9
- DAZN 3 (OPCIÓN 2): 8a86cd6152154a25ad4b76523160552a40313b28 -> d1d9ec2361a6ac8edc0b2841866383768cc28df9
- DAZN 3 (OPCIÓN 3): 4e401fdceebffdf1f09aef954844d09f6c62f460 -> d1d9ec2361a6ac8edc0b2841866383768cc28df9
- DAZN 4 (OPCIÓN 1): 7e27e46c25d4308d16098d9dc67fcd8736e8c1f0 -> 7e90956539f4e1318a63f3960e4f75c7c7c5a3b8
- DAZN 4 (OPCIÓN 2): c015d37d1ead8155b1e7b97e743a1fe9850f0af5 -> 7e90956539f4e1318a63f3960e4f75c7c7c5a3b8
- DAZN 4 (OPCIÓN 3): eb884f77ce8815cf1028c4d85e8b092c27ea1693 -> 7e90956539f4e1318a63f3960e4f75c7c7c5a3b8
- LALIGA TV HYPERMOTION (OPCIÓN 1): 8ee52f6208e33706171856f99d2ed2dabd317f3a -> a4f072c9b614323ac1258a175f868a909ea3c8cd
- LALIGA TV HYPERMOTION (OPCIÓN 2): 70f22be1286ef224b5e4e9451d9a42468152cda4 -> a4f072c9b614323ac1258a175f868a909ea3c8cd
- LALIGA TV HYPERMOTION (OPCIÓN 3): 87bb542f974b6b9e89d0f2e20ed6dc93426f4be0 -> a4f072c9b614323ac1258a175f868a909ea3c8cd
- LALIGA TV HYPERMOTION 2 (OPCIÓN 1): 8a05571c0c8fe53f160fb7d116cdf97243679e86 -> 709075831bf5c41ed0a20dfbd640aab6c28971f8
- LALIGA TV HYPERMOTION 3 (OPCIÓN 1): 1ba18731a8e18bb4b3a5dfa5bb7b0f05762849a6 -> 778d2f60bb7207addedcca0b9aed98f41529724e
- M+ Golf: 8546cff89e4ee8bf3ad31cf6457c3bc2c4341031 -> 872608e734992db636eb79426802cd08f4029afb
- M+ Vamos (OPCIÓN 1): 2940120bf034db79a7f5849846ccea0255172eae -> 0e5d8c9724fa9163f49096b70484e315251eb785
- M+ Vamos (OPCIÓN 2): 651d6be899d1fafa107a265a9dc00ff914c1b548 -> 0e5d8c9724fa9163f49096b70484e315251eb785
- M+ Vamos (OPCIÓN 3): 4e99e755aa32c4bc043a4bb1cd1de35f9bd94dde -> 0e5d8c9724fa9163f49096b70484e315251eb785
- M+ Vamos (OPCIÓN 4): c7c81acdd1a03ecc418c94c2f28e2adb0556c40b -> 0e5d8c9724fa9163f49096b70484e315251eb785
- M+ Ellas Vamos: 9b84af74b2fa3690c519199326fc2f181b025cdd -> 594b59d435527327c9b6965f247995b907bfc285
- La 1: dad5e0e0825cb3e410008f1c4252387b868e740c -> 7597d4feb3195079ffa606cf23a183d626ee40ba
- Rally TV: 651dd1e689a9a7d3b0695191dcf44b4d6e7541eb -> 8e96e35afd910d1a056dc7bf25139b8e2849b2ea
- Tennis Channel: 71698ee415b6ba3f123aac1c8c37cc97376f20d0 -> 039fae21c9e7e5214d3d898cba80863e37e623ac
- M+ L. de Campeones (OPCIÓN 1): c16b4fab1f724c94cad92081cbb7fc7c6fe8a2cc -> e572a5178ff72eed7d1d751a18b4b3419699f370
- M+ L. de Campeones (OPCIÓN 2): 778f08cbae9596ed9e8b2ae0af33ee7a6fe24c6a -> e572a5178ff72eed7d1d751a18b4b3419699f370
- M+ L. de Campeones (OPCIÓN 3): 152169ce99e1fd27f2249c18384a121079cdef29 -> e572a5178ff72eed7d1d751a18b4b3419699f370
- M+ L. de Campeones (OPCIÓN 4): afbf2a479c5a5072698139f0f556ef3e77a99bd0 -> e572a5178ff72eed7d1d751a18b4b3419699f370
- M+ L. de Campeones (OPCIÓN 5): a6620445cbe43b939a66a739e88dfde9d4469779 -> e572a5178ff72eed7d1d751a18b4b3419699f370
- M+ L. de Campeones (OPCIÓN 6): 0f7842f8b6c26571e5a974407b61623e56e6a052 -> e572a5178ff72eed7d1d751a18b4b3419699f370
- M+ L. de Campeones (OPCIÓN 7): f3eea003e23f94dc2d527306de9dd386e3ebf4ba -> e572a5178ff72eed7d1d751a18b4b3419699f370
- M+ L. de Campeones (OPCIÓN 8): 97df5b7824948972d041d8ca2a4d29c90b641bc9 -> e572a5178ff72eed7d1d751a18b4b3419699f370
- M+ L. de Campeones (OPCIÓN 9): 2b51710cee513e8939785fa3e7980f32d4e0415f -> e572a5178ff72eed7d1d751a18b4b3419699f370
- M+ L. de Campeones (OPCIÓN 10): 9db029dff6a9c637d1f670e78dbc1a479b9b406e -> e572a5178ff72eed7d1d751a18b4b3419699f370
- M+ L. de Campeones 2 (OPCIÓN 1): c6a3673f6a37b1bd3cf31fdd6404dd33d48cfccb -> 338b5de78b0b40a6f9ca3cc0cf9be93341b9ceea
- M+ L. de Campeones 2 (OPCIÓN 2): 4fc6d0331830ad8743abab2fe2473b63bdfbc49f -> 338b5de78b0b40a6f9ca3cc0cf9be93341b9ceea
- M+ L. de Campeones 2 (OPCIÓN 3): 498c56bd00f535e440c392de5af992421a31355c -> 338b5de78b0b40a6f9ca3cc0cf9be93341b9ceea
- M+ L. de Campeones 2 (OPCIÓN 4): e7d8cae7f693fe46e89bbf74820caac9ffb32a30 -> 338b5de78b0b40a6f9ca3cc0cf9be93341b9ceea
- M+ L. de Campeones 2 (OPCIÓN 5): 74ab4e4ec7e2da001f473ca40893b7307b8029c5 -> 338b5de78b0b40a6f9ca3cc0cf9be93341b9ceea
- M+ L. de Campeones 2 (OPCIÓN 6): 38f7b2044e549df2039ff26cefa6f9a60c854d5e -> 338b5de78b0b40a6f9ca3cc0cf9be93341b9ceea
- M+ L. de Campeones 3 (OPCIÓN 1): 1dece791d28be6a5af78537ac4864ec01fa0a6d8 -> 90f7941c6bf7ca4b18084a1dca7bc15b9b179373
- M+ L. de Campeones 3 (OPCIÓN 2): 2b5129adc57d43790634d796fe3468b9fd061259 -> 90f7941c6bf7ca4b18084a1dca7bc15b9b179373
- M+ L. de Campeones 3 (OPCIÓN 3): 4416843c96b7f7a1bc55c476091a60fff0922bc7 -> 90f7941c6bf7ca4b18084a1dca7bc15b9b179373
- M+ L. de Campeones 4 (OPCIÓN 1): 77998f8161373611ff6b348e7eda5b4e97d3ec29 -> 6fbab1d8d6bf93c4bc7552714aa3bb54ebf7b661
- M+ L. de Campeones 4 (OPCIÓN 2): 53cd86466d1faed03a607be92af601f7e8da128f -> 6fbab1d8d6bf93c4bc7552714aa3bb54ebf7b661
- M+ L. de Campeones 4 (OPCIÓN 3): e9f4493d2d851f4636720f639113e05b4a21a74c -> 6fbab1d8d6bf93c4bc7552714aa3bb54ebf7b661
- Primera Federación (OPCIÓN 1): a2ed6f2ca3f804481131c41ce64d4286a5820476 -> b40212c43e96e97542ea00f2129212a054853a57
- Primera Federación (OPCIÓN 2): 599a2fda91aa55703e2c5a51562d9dbf5d3d31d9 -> b40212c43e96e97542ea00f2129212a054853a57
- M+ Deportes (OPCIÓN 1): ef9dcc4eaac36a0f608b52a31f8ab237859e071a -> 2f3cfd199a49819cbd129689a840dc3d23ab93aa
- M+ Deportes (OPCIÓN 2): 332d8fdeb9c51385230b8c9448e047ccc4a6355d -> 2f3cfd199a49819cbd129689a840dc3d23ab93aa
- M+ Deportes (OPCIÓN 3): f828a32d8ea03a3cabd3ce3ebecb249ec111c7e5 -> 2f3cfd199a49819cbd129689a840dc3d23ab93aa
- M+ Deportes (OPCIÓN 4): ebca4a63ce3bfda7b272964a1acc5227218184a4 -> 2f3cfd199a49819cbd129689a840dc3d23ab93aa
- M+ Deportes 2 (OPCIÓN 1): edd06f11e1cef292a1d795e15207ef2f580e298c -> 3afe1af18f8ff78e9946856911b00c67477052b5
- M+ Deportes 2 (OPCIÓN 2): 6e212a916c83638268047dd2757c95b14f7d25a3 -> 3afe1af18f8ff78e9946856911b00c67477052b5
- M+ Deportes 3 (OPCIÓN 1): 753d4b1f7c4ef43238b5cf23b05572b550a44eee -> 39fefdecfc953dcf6e7c589739bf486c2e605ed0
- M+ Deportes 3 (OPCIÓN 2): 29d786d72d4b53dbc333af3a50f8fb021aa0296f -> 39fefdecfc953dcf6e7c589739bf486c2e605ed0
- M+ Deportes 4 (OPCIÓN 1): 58a4c880ab18486d914751db32a12760e74b75a4 -> 8b5f9d967384afab226dd759e6e9dfaee9993869
- M+ Deportes 4 (OPCIÓN 2): 3f97bafa133b10cfe5c62311e11501326d886a53 -> 8b5f9d967384afab226dd759e6e9dfaee9993869
- M+ Deportes 5: 5913205fb6d6d162a50222709aab6129eb7cf916 -> 3230cdca852a10325222e3c546e499e31d547a90
- M+ Deportes 6: e4124b2143ed75e5ce902bed61be08cc5e5c3c03 -> 8f982a0d6e3196c12d0034142b65008321150f7c
[2025-10-10 22:05:50] OK. Cambios: 66
- M+ LALIGA (OPCIÓN 1): d4ff041287a43e3114d411d671c4b4e92e21f31e -> 31c19ffb3472c289c5bbbbc174449c8ed0d19e38
- M+ LALIGA (OPCIÓN 2): 107c3ce5a5d2527c9f06e4eab87477201791f231 -> d4ff041287a43e3114d411d671c4b4e92e21f31e
- M+ LALIGA (OPCIÓN 3): d2ddf9802ccfdc456f872eea4d24596880a638a0 -> 107c3ce5a5d2527c9f06e4eab87477201791f231
- M+ LALIGA (OPCIÓN 4): 00c9bc9c5d7d87680a5a6bed349edfa775a89947 -> d2ddf9802ccfdc456f872eea4d24596880a638a0
- M+ LALIGA (OPCIÓN 5): c9321006921967d6258df6945f1d598a5c0cbf1e -> 00c9bc9c5d7d87680a5a6bed349edfa775a89947
- M+ LALIGA (OPCIÓN 6): 4b528d10eaad747ddf52251206177573ee3e9f74 -> c9321006921967d6258df6945f1d598a5c0cbf1e
- M+ LALIGA (OPCIÓN 7): 14b6cd8769cd485f2cffdca64be9698d9bfeac58 -> 4b528d10eaad747ddf52251206177573ee3e9f74
- M+ LALIGA (OPCIÓN 8): 31c19ffb3472c289c5bbbbc174449c8ed0d19e38 -> 14b6cd8769cd485f2cffdca64be9698d9bfeac58
- M+ LALIGA 2 (OPCIÓN 1): 911ad127726234b97658498a8b790fdd7516541d -> b8eb9c9868d487402569bba2d97a8af113d033fe
- M+ LALIGA 2 (OPCIÓN 2): 51b363b1c4d42724e05240ad068ad219df8042ec -> 911ad127726234b97658498a8b790fdd7516541d
- M+ LALIGA 2 (OPCIÓN 3): ad42faa399df66dcd62a1cbc9d1c99ed4512d3b8 -> 51b363b1c4d42724e05240ad068ad219df8042ec
- M+ LALIGA 3 (OPCIÓN 1): 7ad14386deef2f45ffe17d30a631dbf79b6a1a87 -> 571ce113b9d600a145766443d7417eccab2e1846
- M+ LALIGA 3 (OPCIÓN 2): 382b14499e3d76e557d449d2e5bbc4e4bd63bd39 -> 7ad14386deef2f45ffe17d30a631dbf79b6a1a87
- DAZN F1 (OPCIÓN 2): c8ad94585fbe13cfc9074c2b5e23fb6344e0f66d -> b04372b9543d763bd2dbd2a1842d9723fd080076
- DAZN F1 (OPCIÓN 3): 6422e8bc34282871634c81947be093c04ad1bb29 -> c8ad94585fbe13cfc9074c2b5e23fb6344e0f66d
- DAZN F1 (OPCIÓN 4): c9c18ae7a9dafba1caae5beb22060f9c92bba553 -> 6422e8bc34282871634c81947be093c04ad1bb29
- DAZN F1 (OPCIÓN 5): 515efd8115482bda8d92aa6df9a882a5e5797494 -> c9c18ae7a9dafba1caae5beb22060f9c92bba553
- DAZN F1 (OPCIÓN 6): 82b4f249788f93b8f9ce968803662d7cd4f1b8cc -> 515efd8115482bda8d92aa6df9a882a5e5797494
- DAZN F1 (OPCIÓN 7): d5cf2dfa4fb4165ce58bf9db815088c28fec7711 -> 82b4f249788f93b8f9ce968803662d7cd4f1b8cc
- DAZN F1 (OPCIÓN 8): 4bc6f4cb6697c1defc981c0afe1a4c3a62284aee -> d5cf2dfa4fb4165ce58bf9db815088c28fec7711
- DAZN F1 (OPCIÓN 9): b5f3cc5cd66c98bae9d65df43ecee6c02d18aebd -> d65257bb934b73647374224fd62d836815804be2
- DAZN F1 (OPCIÓN 10): 38e9ae1ee0c96d7c6187c9c4cc60ffccb565bdf7 -> b5f3cc5cd66c98bae9d65df43ecee6c02d18aebd
- DAZN F1 (OPCIÓN 11): 3f5b7e2f883fe4b4b973e198d147a513d5c7c32a -> 38e9ae1ee0c96d7c6187c9c4cc60ffccb565bdf7
- DAZN F1 (OPCIÓN 12): b08e158ea3f5c72084f5ff8e3c30ca2e4d1ff6d1 -> 3f5b7e2f883fe4b4b973e198d147a513d5c7c32a
- DAZN F1 (OPCIÓN 13): bcf9dc38f92e90a71b87bd54b3bac91b76d09a69 -> b08e158ea3f5c72084f5ff8e3c30ca2e4d1ff6d1
- DAZN F1 (OPCIÓN 14): fd53cfa7055fe458d4f5c0ff59a06cd43723be55 -> bcf9dc38f92e90a71b87bd54b3bac91b76d09a69
- DAZN F1 (OPCIÓN 15): ed6188dcbb491efeb2092c1a6199226c27f61727 -> fd53cfa7055fe458d4f5c0ff59a06cd43723be55
- DAZN F1 (OPCIÓN 16): 8272d1ed95cdd8945c248ce488fa26bd435fb71f -> ed6188dcbb491efeb2092c1a6199226c27f61727
- DAZN F1 (OPCIÓN 17): d65257bb934b73647374224fd62d836815804be2 -> 8272d1ed95cdd8945c248ce488fa26bd435fb71f
- DAZN F1 (OPCIÓN 18): b04372b9543d763bd2dbd2a1842d9723fd080076 -> 8272d1ed95cdd8945c248ce488fa26bd435fb71f
- Eurosport 1 (OPCIÓN 3): c3da6c4f91d9d10ade00318a869435e19f204d0e -> ef2abf419586d9876370be127ad592dbb41b126a
- Eurosport 2 (OPCIÓN 3): 37d6f1aabcde81ee6e4873b4db6b7bb8964af8bf -> 6176281b9c46a5621a0e88524f8dc621f173b8e0
- Eurosport 2 (OPCIÓN 4): 0585e09bb8ac9720e4c11934f1b184e309291551 -> 7aa9cc819c6fa781dea6b4de3aa5393258b766d8
- GOL: b2d560741c006fc5e4a42412bb52dbd25a6a4a3a -> 9fb99c40a2c45d5c5342b30626eb56140f980612
- beIN SPORTS 1: f0951d40eb84162014752c054ea7a1370d2169eb -> bba1905fcd1c4975aec544047bf8e4cd23ce3fe0
- DAZN 2 (OPCIÓN 1): 8b081c8afbd9beafc8c5fbf0115eb36eadb07a35 -> b0eabe0fdd02fdd165896236765a9b753a2ff516
- DAZN 2 (OPCIÓN 2): fb2dd566824658eeab27aae19a01c09430f1a97d -> 8b081c8afbd9beafc8c5fbf0115eb36eadb07a35
- DAZN 2 (OPCIÓN 3): 43004e955731cd3afcc34d24e5178d4b427bff37 -> fb2dd566824658eeab27aae19a01c09430f1a97d
- DAZN 2 (OPCIÓN 4): ae68a0835039fab28fd2314108fabd4fab33b8ab -> 43004e955731cd3afcc34d24e5178d4b427bff37
- DAZN 3 (OPCIÓN 1): d641cd0fca0f467b3130754a091e2f4d22e68eb1 -> d1d9ec2361a6ac8edc0b2841866383768cc28df9
- DAZN 3 (OPCIÓN 2): 8a86cd6152154a25ad4b76523160552a40313b28 -> d641cd0fca0f467b3130754a091e2f4d22e68eb1
- DAZN 3 (OPCIÓN 3): 4e401fdceebffdf1f09aef954844d09f6c62f460 -> 8a86cd6152154a25ad4b76523160552a40313b28
- DAZN 3 (OPCIÓN 4): d1d9ec2361a6ac8edc0b2841866383768cc28df9 -> 4e401fdceebffdf1f09aef954844d09f6c62f460
- DAZN 4 (OPCIÓN 1): 7e27e46c25d4308d16098d9dc67fcd8736e8c1f0 -> 7e90956539f4e1318a63f3960e4f75c7c7c5a3b8
- DAZN 4 (OPCIÓN 2): c015d37d1ead8155b1e7b97e743a1fe9850f0af5 -> 7e27e46c25d4308d16098d9dc67fcd8736e8c1f0
- DAZN 4 (OPCIÓN 3): eb884f77ce8815cf1028c4d85e8b092c27ea1693 -> c015d37d1ead8155b1e7b97e743a1fe9850f0af5
- DAZN 4 (OPCIÓN 4): 7e90956539f4e1318a63f3960e4f75c7c7c5a3b8 -> eb884f77ce8815cf1028c4d85e8b092c27ea1693
- La 1: dad5e0e0825cb3e410008f1c4252387b868e740c -> 6a54f8fb00406c88f68ac3f3aabc7d084f9573d0
- Rally TV: 651dd1e689a9a7d3b0695191dcf44b4d6e7541eb -> 8e96e35afd910d1a056dc7bf25139b8e2849b2ea
- M+ L. de Campeones (OPCIÓN 1): c16b4fab1f724c94cad92081cbb7fc7c6fe8a2cc -> e572a5178ff72eed7d1d751a18b4b3419699f370
- M+ L. de Campeones (OPCIÓN 2): 778f08cbae9596ed9e8b2ae0af33ee7a6fe24c6a -> 678a1e93fbfbd499c329886bfdda780e73ac1786
- M+ L. de Campeones (OPCIÓN 3): 152169ce99e1fd27f2249c18384a121079cdef29 -> afbf1ef8812e7b0a0977fa3a0a2d3a6d3cbd6c6f
- M+ L. de Campeones (OPCIÓN 4): afbf2a479c5a5072698139f0f556ef3e77a99bd0 -> 0f7842f8b6c26571e5a974407b61623e56e6a052
- M+ L. de Campeones (OPCIÓN 5): a6620445cbe43b939a66a739e88dfde9d4469779 -> f3eea003e23f94dc2d527306de9dd386e3ebf4ba
- M+ L. de Campeones (OPCIÓN 6): 0f7842f8b6c26571e5a974407b61623e56e6a052 -> 97df5b7824948972d041d8ca2a4d29c90b641bc9
- M+ L. de Campeones (OPCIÓN 7): f3eea003e23f94dc2d527306de9dd386e3ebf4ba -> 2b51710cee513e8939785fa3e7980f32d4e0415f
- M+ L. de Campeones (OPCIÓN 8): 97df5b7824948972d041d8ca2a4d29c90b641bc9 -> 9db029dff6a9c637d1f670e78dbc1a479b9b406e
- M+ L. de Campeones (OPCIÓN 9): 2b51710cee513e8939785fa3e7980f32d4e0415f -> b028202ff335911db3118bceac027df3e8ef6c32
- M+ L. de Campeones (OPCIÓN 10): 9db029dff6a9c637d1f670e78dbc1a479b9b406e -> e572a5178ff72eed7d1d751a18b4b3419699f370
- M+ L. de Campeones 2 (OPCIÓN 1): c6a3673f6a37b1bd3cf31fdd6404dd33d48cfccb -> 338b5de78b0b40a6f9ca3cc0cf9be93341b9ceea
- M+ L. de Campeones 2 (OPCIÓN 2): 4fc6d0331830ad8743abab2fe2473b63bdfbc49f -> 4b18a3b32df5960ed950fa907f8d509b1ad2a188
- M+ L. de Campeones 2 (OPCIÓN 3): 498c56bd00f535e440c392de5af992421a31355c -> ea03cc51980996ba6f2da49e30eee1de8a66ae54
- M+ L. de Campeones 3 (OPCIÓN 1): 1dece791d28be6a5af78537ac4864ec01fa0a6d8 -> 90f7941c6bf7ca4b18084a1dca7bc15b9b179373
- M+ L. de Campeones 4 (OPCIÓN 1): 77998f8161373611ff6b348e7eda5b4e97d3ec29 -> 6fbab1d8d6bf93c4bc7552714aa3bb54ebf7b661
- M+ L. de Campeones 4 (OPCIÓN 2): 53cd86466d1faed03a607be92af601f7e8da128f -> e9f4493d2d851f4636720f639113e05b4a21a74c
- M+ L. de Campeones 4 (OPCIÓN 3): e9f4493d2d851f4636720f639113e05b4a21a74c -> 6fbab1d8d6bf93c4bc7552714aa3bb54ebf7b661
